<?xml version="1.0" encoding="UTF-8"?>
<!-- Generated by org.testng.reporters.JUnitXMLReporter -->
<testsuite ignored="0" hostname="Reka" failures="1" tests="4" name="Healthcare API Tests" time="6.693" errors="0" timestamp="2025-04-07T13:45:50 CDT">
  <testcase classname="io.cucumber.testng.AbstractTestNGCucumberTests" name="runScenario" time="4.172"/>
  <testcase classname="io.cucumber.testng.AbstractTestNGCucumberTests" name="runScenario" time="0.381"/>
  <testcase classname="io.cucumber.testng.AbstractTestNGCucumberTests" name="runScenario" time="0.477">
    <failure type="java.lang.AssertionError" message="expected:&amp;lt;200&amp;gt; but was:&amp;lt;401&amp;gt;">
      <![CDATA[java.lang.AssertionError: expected:<200> but was:<401>
at org.junit.Assert.fail(Assert.java:89)
at org.junit.Assert.failNotEquals(Assert.java:835)
at org.junit.Assert.assertEquals(Assert.java:647)
at org.junit.Assert.assertEquals(Assert.java:633)
at stepdefinitions.CreateFHIRStore.validateResponse(CreateFHIRStore.java:68)
at âœ½.The response body and status code are printed out for validation to create store.(file:///C:/Users/nreka/vscodedevops/FHIR-Google-Cloud-API/src/test/resources/features/03_CreateFHIRStore.feature:12)
]]>
    </failure>
  </testcase> <!-- runScenario -->
  <testcase classname="io.cucumber.testng.AbstractTestNGCucumberTests" name="runScenario" time="0.4"/>
</testsuite> <!-- Healthcare API Tests -->
